#
# There is insufficient memory for the Java Runtime Environment to continue.
# Native memory allocation (malloc) failed to allocate 1048576 bytes for AllocateHeap
# Possible reasons:
#   The system is out of physical RAM or swap space
#   In 32 bit mode, the process size limit was hit
# Possible solutions:
#   Reduce memory load on the system
#   Increase physical memory or swap space
#   Check if swap backing store is full
#   Use 64 bit Java on a 64 bit OS
#   Decrease Java heap size (-Xmx/-Xms)
#   Decrease number of Java threads
#   Decrease Java thread stack sizes (-Xss)
#   Set larger code cache with -XX:ReservedCodeCacheSize=
# This output file may be truncated or incomplete.
#
#  Out of Memory Error (memory/allocation.inline.hpp:61), pid=6996, tid=0x0000000000001e24
#
# JRE version:  (8.0_112-b06) (build )
# Java VM: OpenJDK 64-Bit Server VM (25.112-b06 mixed mode windows-amd64 compressed oops)
# Failed to write core dump. Minidumps are not enabled by default on client versions of Windows
#

---------------  T H R E A D  ---------------

Current thread (0x0000000002448000):  JavaThread "Unknown thread" [_thread_in_vm, id=7716, stack(0x0000000002600000,0x0000000002700000)]

Stack: [0x0000000002600000,0x0000000002700000]
[error occurred during error reporting (printing stack bounds), id 0xc0000005]

Native frames: (J=compiled Java code, j=interpreted, Vv=VM code, C=native code)


---------------  P R O C E S S  ---------------

Java Threads: ( => current thread )

Other Threads:

=>0x0000000002448000 (exited) JavaThread "Unknown thread" [_thread_in_vm, id=7716, stack(0x0000000002600000,0x0000000002700000)]

VM state:not at safepoint (normal execution)

VM Mutex/Monitor currently owned by a thread: None

Heap:
 PSYoungGen      total 38400K, used 665K [0x00000000eab00000, 0x00000000ed580000, 0x0000000100000000)
  eden space 33280K, 2% used [0x00000000eab00000,0x00000000eaba6670,0x00000000ecb80000)
  from space 5120K, 0% used [0x00000000ed080000,0x00000000ed080000,0x00000000ed580000)
  to   space 5120K, 0% used [0x00000000ecb80000,0x00000000ecb80000,0x00000000ed080000)
 ParOldGen       total 87552K, used 0K [0x00000000c0000000, 0x00000000c5580000, 0x00000000eab00000)
  object space 87552K, 0% used [0x00000000c0000000,0x00000000c0000000,0x00000000c5580000)
 Metaspace       used 772K, capacity 4480K, committed 4480K, reserved 1056768K
  class space    used 73K, capacity 384K, committed 384K, reserved 1048576K

Card table byte_map: [0x0000000011ac0000,0x0000000011cd0000] byte_map_base: 0x00000000114c0000

Marking Bits: (ParMarkBitMap*) 0x00000000663918f0
 Begin Bits: [0x0000000012610000, 0x0000000013610000)
 End Bits:   [0x0000000013610000, 0x0000000014610000)

Polling page: 0x0000000001ce0000

CodeCache: size=245760Kb used=328Kb max_used=328Kb free=245431Kb
 bounds [0x0000000002700000, 0x0000000002970000, 0x0000000011700000]
 total_blobs=57 nmethods=0 adapters=38
 compilation: enabled

Compilation events (0 events):
No events

GC Heap History (0 events):
No events

Deoptimization events (0 events):
No events

Internal exceptions (0 events):
No events

Events (10 events):
Event: 0.022 loading class java/lang/Short
Event: 0.022 loading class java/lang/Short done
Event: 0.022 loading class java/lang/Integer
Event: 0.022 loading class java/lang/Integer done
Event: 0.022 loading class java/lang/Long
Event: 0.022 loading class java/lang/Long done
Event: 0.022 loading class java/lang/NullPointerException
Event: 0.023 loading class java/lang/NullPointerException done
Event: 0.023 loading class java/lang/ArithmeticException
Event: 0.023 loading class java/lang/ArithmeticException done


Dynamic libraries:
0x000000013f250000 - 0x000000013f281000 	D:\Android\Android Studio\jre\bin\java.exe
0x0000000077b90000 - 0x0000000077d3a000 	C:\Windows\SYSTEM32\ntdll.dll
0x0000000077970000 - 0x0000000077a8f000 	C:\Windows\system32\kernel32.dll
0x000007fefdbd0000 - 0x000007fefdc3a000 	C:\Windows\system32\KERNELBASE.dll
0x000007fefdf60000 - 0x000007fefe03b000 	C:\Windows\system32\ADVAPI32.dll
0x000007fefe850000 - 0x000007fefe8ef000 	C:\Windows\system32\msvcrt.dll
0x000007fefdef0000 - 0x000007fefdf0f000 	C:\Windows\SYSTEM32\sechost.dll
0x000007feff710000 - 0x000007feff83d000 	C:\Windows\system32\RPCRT4.dll
0x0000000077a90000 - 0x0000000077b8a000 	C:\Windows\system32\USER32.dll
0x000007fefe7e0000 - 0x000007fefe847000 	C:\Windows\system32\GDI32.dll
0x000007feff680000 - 0x000007feff68e000 	C:\Windows\system32\LPK.dll
0x000007feffaa0000 - 0x000007feffb6b000 	C:\Windows\system32\USP10.dll
0x000007fefc180000 - 0x000007fefc374000 	C:\Windows\WinSxS\amd64_microsoft.windows.common-controls_6595b64144ccf1df_6.0.7601.18837_none_fa3b1e3d17594757\COMCTL32.dll
0x000007feff690000 - 0x000007feff701000 	C:\Windows\system32\SHLWAPI.dll
0x000007fefdec0000 - 0x000007fefdeee000 	C:\Windows\system32\IMM32.DLL
0x000007fefe040000 - 0x000007fefe149000 	C:\Windows\system32\MSCTF.dll
0x000000006d590000 - 0x000000006d662000 	D:\Android\Android Studio\jre\jre\bin\msvcr100.dll
0x0000000065bd0000 - 0x000000006640c000 	D:\Android\Android Studio\jre\jre\bin\server\jvm.dll
0x000007fefb3c0000 - 0x000007fefb3c9000 	C:\Windows\system32\WSOCK32.dll
0x000007fefdf10000 - 0x000007fefdf5d000 	C:\Windows\system32\WS2_32.dll
0x000007fefdeb0000 - 0x000007fefdeb8000 	C:\Windows\system32\NSI.dll
0x000007fefb440000 - 0x000007fefb47b000 	C:\Windows\system32\WINMM.dll
0x000007fefcbd0000 - 0x000007fefcbdc000 	C:\Windows\system32\VERSION.dll
0x0000000077d60000 - 0x0000000077d67000 	C:\Windows\system32\PSAPI.DLL
0x000007fef4b90000 - 0x000007fef4b9f000 	D:\Android\Android Studio\jre\jre\bin\verify.dll
0x000007fef4b60000 - 0x000007fef4b89000 	D:\Android\Android Studio\jre\jre\bin\java.dll
0x000007fef4b40000 - 0x000007fef4b56000 	D:\Android\Android Studio\jre\jre\bin\zip.dll

VM Arguments:
jvm_args: -Djava.awt.headless=true -Xmx1024M -Dfile.encoding=GBK -Duser.country=CN -Duser.language=zh -Duser.variant 
java_command: com.android.dx.command.Main --dex --force-jumbo --num-threads=4 --multi-dex --output C:\Users\Administrator\Desktop\AndroidTVLauncher\app\build\intermediates\transforms\dex\debug\folders\1000\5\slice_1 C:\Users\Administrator\Desktop\AndroidTVLauncher\app\build\intermediates\transforms\instantRunSlicer\debug\folders\1\5\slice_1
java_class_path (initial): D:\Android\sdk\build-tools\26.0.1\lib\dx.jar
Launcher Type: SUN_STANDARD

Environment Variables:
PATH=C:\Python27\;C:\Python27\Scripts;C:\Windows\system32;C:\Windows;C:\Windows\System32\Wbem;C:\Windows\System32\WindowsPowerShell\v1.0\;E:\jinhui_workspace\Java\jdk1.8.0_121\bin;C:\Program Files\Microsoft SQL Server\130\Tools\Binn\;C:\Python27;C:\Program Files\Git\cmd;C:\ProgramData\chocolatey\bin;E:\jinhui_workspace\Node.js\;D:\Android\sdk\tools;D:\Android\sdk\platform-tools;C:\Program Files\TortoiseGit\bin;C:\Windows\System32;%ANDROID_NDK%;%ANDROID_HOME%;E:\jinhui_workspace\cocos2d-x-3.15\templates;E:\jinhui_workspace\cocos2d-x-3.15\tools\cocos2d-console\bin;\cocos2d-x-3.14.1\templates;E:\jinhui_workspace\VSCode\Microsoft VS Code\bin;D:\Android\sdk\tools;D:\Android\sdk\platform-tools;D:\Android\Android Studio\gradle\gradle-3.2\BIN;%JAVA_HOME%;D:\Android\sdk;C:\Users\Administrator\AppData\Local\atom\bin;C:\Users\Administrator\AppData\Roaming\npm;D:\Android\sdk\android-ndk-r10e;D:\Android\sdk;
USERNAME=Administrator
OS=Windows_NT
PROCESSOR_IDENTIFIER=Intel64 Family 6 Model 94 Stepping 3, GenuineIntel



---------------  S Y S T E M  ---------------

OS: Windows 7 , 64 bit Build 7601 (6.1.7601.23915)

CPU:total 4 (4 cores per cpu, 1 threads per core) family 6 model 94 stepping 3, cmov, cx8, fxsr, mmx, sse, sse2, sse3, ssse3, sse4.1, sse4.2, popcnt, avx, avx2, aes, clmul, erms, 3dnowpref, lzcnt, tsc, tscinvbit, bmi1, bmi2, adx

Memory: 4k page, physical 8272300k(1207868k free), swap 10367592k(4384k free)

vm_info: OpenJDK 64-Bit Server VM (25.112-b06) for windows-amd64 JRE (1.8.0_112-release-b06), built on Dec  8 2016 00:54:26 by "builder" with MS VC++ 10.0 (VS2010)

time: Wed Oct 18 14:49:04 2017
elapsed time: 0 seconds (0d 0h 0m 0s)

